<?xml version="1.0" encoding="UTF-8"?>
<testsuite xmlns:xsi="http://www.w3.org/2001/XMLSchema-instance" xsi:noNamespaceSchemaLocation="https://maven.apache.org/surefire/maven-surefire-plugin/xsd/surefire-test-report-3.0.xsd" version="3.0" name="InjectedTest" time="20.524" tests="6" errors="0" skipped="0" failures="0">
  <properties>
[...]
</properties>
  <testcase name="" classname="org.jvnet.hudson.test.JellyTestSuiteBuilder$JellyCheck" time="0.214">
    <system-out><![CDATA[Running tests for io.jenkins.plugins:questa-formal-result:1.0-SNAPSHOT
]]></system-out>
    <system-err><![CDATA[Mar 28, 2025 3:55:20 PM org.eclipse.jetty.util.log.Log initialized
INFO: Logging initialized @895ms to org.eclipse.jetty.util.log.Slf4jLog
Mar 28, 2025 3:55:21 PM org.jvnet.hudson.test.WarExploder explode
INFO: Exploding C:\Users\csjo\.m2\repository\org\jenkins-ci\main\jenkins-war\2.361.1\jenkins-war-2.361.1.war into D:\X2_copilot\questa_plugin1\target\jenkins-for-test
Mar 28, 2025 3:55:30 PM org.eclipse.jetty.server.handler.ContextHandler setContextPath
WARNING: Empty contextPath
Mar 28, 2025 3:55:31 PM org.eclipse.jetty.server.Server doStart
INFO: jetty-9.4.49.v20220914; built: 2022-09-14T01:07:36.601Z; git: 4231a3b2e4cb8548a412a789936d640a97b1aa0a; jvm 17.0.14+7
Mar 28, 2025 3:55:31 PM org.eclipse.jetty.webapp.StandardDescriptorProcessor visitServlet
INFO: NO JSP Support for /, did not find org.eclipse.jetty.jsp.JettyJspServlet
Mar 28, 2025 3:55:31 PM org.eclipse.jetty.server.session.DefaultSessionIdManager doStart
INFO: DefaultSessionIdManager workerName=node0
Mar 28, 2025 3:55:31 PM org.eclipse.jetty.server.session.DefaultSessionIdManager doStart
INFO: No SessionScavenger set, using defaults
Mar 28, 2025 3:55:31 PM org.eclipse.jetty.server.session.HouseKeeper startScavenging
INFO: node0 Scavenging every 660000ms
Mar 28, 2025 3:55:31 PM org.eclipse.jetty.server.handler.ContextHandler doStart
INFO: Started o.e.j.w.WebAppContext@66bacdbc{Jenkins v2.361.1,/,file:///D:/X2_copilot/questa_plugin1/target/jenkins-for-test/,AVAILABLE}{D:\X2_copilot\questa_plugin1\target\jenkins-for-test}
Mar 28, 2025 3:55:31 PM org.eclipse.jetty.server.AbstractConnector doStart
INFO: Started ServerConnector@56ba8773{HTTP/1.1, (http/1.1)}{localhost:59806}
Mar 28, 2025 3:55:31 PM org.eclipse.jetty.server.Server doStart
INFO: Started @11998ms
Mar 28, 2025 3:55:31 PM jenkins.InitReactorRunner$1 onAttained
INFO: Started initialization
Mar 28, 2025 3:55:32 PM hudson.PluginManager considerDetachedPlugin
INFO: Loading a detached plugin as a dependency: C:\Users\csjo\AppData\Local\Temp\jenkins12044319810873556048\plugins\javax-activation-api.jpi
Mar 28, 2025 3:55:32 PM hudson.PluginManager considerDetachedPlugin
INFO: Loading a detached plugin as a dependency: C:\Users\csjo\AppData\Local\Temp\jenkins12044319810873556048\plugins\javax-mail-api.jpi
Mar 28, 2025 3:55:33 PM hudson.PluginManager considerDetachedPlugin
INFO: Loading a detached plugin as a dependency: C:\Users\csjo\AppData\Local\Temp\jenkins12044319810873556048\plugins\bouncycastle-api.jpi
Mar 28, 2025 3:55:33 PM hudson.PluginManager considerDetachedPlugin
INFO: Loading a detached plugin as a dependency: C:\Users\csjo\AppData\Local\Temp\jenkins12044319810873556048\plugins\instance-identity.jpi
Mar 28, 2025 3:55:33 PM jenkins.InitReactorRunner$1 onAttained
INFO: Listed all plugins
Mar 28, 2025 3:55:34 PM jenkins.InitReactorRunner$1 onAttained
INFO: Prepared all plugins
Mar 28, 2025 3:55:34 PM jenkins.InitReactorRunner$1 onAttained
INFO: Started all plugins
Mar 28, 2025 3:55:34 PM jenkins.InitReactorRunner$1 onAttained
INFO: Augmented all extensions
Mar 28, 2025 3:55:36 PM jenkins.InitReactorRunner$1 onAttained
INFO: System config loaded
Mar 28, 2025 3:55:36 PM jenkins.InitReactorRunner$1 onAttained
INFO: System config adapted
Mar 28, 2025 3:55:36 PM jenkins.InitReactorRunner$1 onAttained
INFO: Loaded all jobs
Mar 28, 2025 3:55:36 PM jenkins.InitReactorRunner$1 onAttained
INFO: Configuration for all jobs updated
Mar 28, 2025 3:55:36 PM jenkins.InitReactorRunner$1 onAttained
INFO: Completed initialization
Mar 28, 2025 3:55:36 PM org.eclipse.jetty.server.Server doStart
INFO: jetty-9.4.49.v20220914; built: 2022-09-14T01:07:36.601Z; git: 4231a3b2e4cb8548a412a789936d640a97b1aa0a; jvm 17.0.14+7
Mar 28, 2025 3:55:36 PM org.eclipse.jetty.server.session.DefaultSessionIdManager doStart
INFO: DefaultSessionIdManager workerName=node0
Mar 28, 2025 3:55:36 PM org.eclipse.jetty.server.session.DefaultSessionIdManager doStart
INFO: No SessionScavenger set, using defaults
Mar 28, 2025 3:55:36 PM org.eclipse.jetty.server.session.HouseKeeper startScavenging
INFO: node0 Scavenging every 660000ms
Mar 28, 2025 3:55:36 PM org.eclipse.jetty.server.handler.ContextHandler doStart
INFO: Started o.e.j.s.ServletContextHandler@44b194fe{/,null,AVAILABLE}
Mar 28, 2025 3:55:36 PM org.eclipse.jetty.server.AbstractConnector doStart
INFO: Started ServerConnector@3fe46690{HTTP/1.1, (http/1.1)}{0.0.0.0:59809}
Mar 28, 2025 3:55:36 PM org.eclipse.jetty.server.Server doStart
INFO: Started @17358ms
]]></system-err>
  </testcase>
  <testcase name="" classname="org.jvnet.hudson.test.JellyTestSuiteBuilder$JellyCheck" time="0.005"/>
  <testcase name="" classname="org.jvnet.hudson.test.JellyTestSuiteBuilder$JellyCheck" time="0.096"/>
  <testcase name="testCliSanity" classname="InjectedTest" time="0.021"/>
  <testcase name="testPluginActive" classname="InjectedTest" time="0"/>
  <testcase name="" classname="org.jvnet.hudson.test.junit.FailedTest" time="0.001">
    <system-err><![CDATA[Mar 28, 2025 3:55:41 PM org.eclipse.jetty.server.AbstractConnector doStop
INFO: Stopped ServerConnector@56ba8773{HTTP/1.1, (http/1.1)}{localhost:0}
Mar 28, 2025 3:55:41 PM org.eclipse.jetty.server.session.HouseKeeper stopScavenging
INFO: node0 Stopped scavenging
Mar 28, 2025 3:55:41 PM org.eclipse.jetty.server.handler.ContextHandler doStop
INFO: Stopped o.e.j.w.WebAppContext@66bacdbc{Jenkins v2.361.1,/,file:///D:/X2_copilot/questa_plugin1/target/jenkins-for-test/,STOPPED}{D:\X2_copilot\questa_plugin1\target\jenkins-for-test}
Mar 28, 2025 3:55:41 PM hudson.lifecycle.Lifecycle onStatusUpdate
INFO: Stopping Jenkins
Mar 28, 2025 3:55:41 PM hudson.lifecycle.Lifecycle onStatusUpdate
INFO: Jenkins stopped
]]></system-err>
  </testcase>
</testsuite>